<?xml version="1.0" encoding="UTF-8"?>
<testsuite name="models.EndangeredAnimalsTest" tests="4" skipped="0" failures="0" errors="0" timestamp="2019-07-03T08:54:46" hostname="mark-HP-Laptop-15-bs1xx" time="0.022">
  <properties/>
  <testcase name="endangered_instantiatesCorrectly_true" classname="models.EndangeredAnimalsTest" time="0.021"/>
  <testcase name="endangered_instantiatesWithAgeOfAnimal_String" classname="models.EndangeredAnimalsTest" time="0.0"/>
  <testcase name="endangered_instantiatesWithAnimalName_String" classname="models.EndangeredAnimalsTest" time="0.0"/>
  <testcase name="endangered_instantiatesWIthAnimalHealth_String" classname="models.EndangeredAnimalsTest" time="0.0"/>
  <system-out><![CDATA[]]></system-out>
  <system-err><![CDATA[]]></system-err>
</testsuite>
